# JRE version: Java(TM) SE Runtime Environment (8.0_241-b07) (build 1.8.0_241-b07)
# Java VM: Java HotSpot(TM) 64-Bit Server VM (25.241-b07 mixed mode windows-amd64 compressed oops)
Heap:
 PSYoungGen      total 154112K, used 96755K [0x00000000f5580000, 0x0000000100000000, 0x0000000100000000)
  eden space 135680K, 63% used [0x00000000f5580000,0x00000000fa998d50,0x00000000fda00000)
  from space 18432K, 57% used [0x00000000fda00000,0x00000000fe464010,0x00000000fec00000)
  to   space 18432K, 0% used [0x00000000fee00000,0x00000000fee00000,0x0000000100000000)
 ParOldGen       total 349696K, used 131105K [0x00000000e0000000, 0x00000000f5580000, 0x00000000f5580000)
  object space 349696K, 37% used [0x00000000e0000000,0x00000000e80087f0,0x00000000f5580000)
 Metaspace       used 53405K, capacity 54760K, committed 58368K, reserved 1099776K
  class space    used 6882K, capacity 7164K, committed 7680K, reserved 1048576K
GC Heap History (10 events):
Event: 7328.981 GC heap before
{Heap before GC invocations=65 (full 4):
 PSYoungGen      total 150016K, used 129024K [0x00000000f5580000, 0x00000000ffd80000, 0x0000000100000000)
  eden space 129024K, 100% used [0x00000000f5580000,0x00000000fd380000,0x00000000fd380000)
  from space 20992K, 0% used [0x00000000fe900000,0x00000000fe900000,0x00000000ffd80000)
  to   space 21504K, 0% used [0x00000000fd380000,0x00000000fd380000,0x00000000fe880000)
 ParOldGen       total 349696K, used 101159K [0x00000000e0000000, 0x00000000f5580000, 0x00000000f5580000)
  object space 349696K, 28% used [0x00000000e0000000,0x00000000e62c9ce8,0x00000000f5580000)
 Metaspace       used 53334K, capacity 54690K, committed 58368K, reserved 1099776K
  class space    used 6880K, capacity 7163K, committed 7680K, reserved 1048576K
Event: 7328.989 GC heap after
Heap after GC invocations=65 (full 4):
 PSYoungGen      total 150528K, used 9120K [0x00000000f5580000, 0x00000000ffe80000, 0x0000000100000000)
  eden space 129024K, 0% used [0x00000000f5580000,0x00000000f5580000,0x00000000fd380000)
  from space 21504K, 42% used [0x00000000fd380000,0x00000000fdc68000,0x00000000fe880000)
  to   space 20480K, 0% used [0x00000000fea80000,0x00000000fea80000,0x00000000ffe80000)
 ParOldGen       total 349696K, used 101159K [0x00000000e0000000, 0x00000000f5580000, 0x00000000f5580000)
  object space 349696K, 28% used [0x00000000e0000000,0x00000000e62c9ce8,0x00000000f5580000)
 Metaspace       used 53334K, capacity 54690K, committed 58368K, reserved 1099776K
  class space    used 6880K, capacity 7163K, committed 7680K, reserved 1048576K
}
Event: 7607.275 GC heap before
{Heap before GC invocations=66 (full 4):
 PSYoungGen      total 150528K, used 138144K [0x00000000f5580000, 0x00000000ffe80000, 0x0000000100000000)
  eden space 129024K, 100% used [0x00000000f5580000,0x00000000fd380000,0x00000000fd380000)
  from space 21504K, 42% used [0x00000000fd380000,0x00000000fdc68000,0x00000000fe880000)
  to   space 20480K, 0% used [0x00000000fea80000,0x00000000fea80000,0x00000000ffe80000)
 ParOldGen       total 349696K, used 101159K [0x00000000e0000000, 0x00000000f5580000, 0x00000000f5580000)
  object space 349696K, 28% used [0x00000000e0000000,0x00000000e62c9ce8,0x00000000f5580000)
 Metaspace       used 53369K, capacity 54754K, committed 58368K, reserved 1099776K
  class space    used 6881K, capacity 7163K, committed 7680K, reserved 1048576K
Event: 7607.325 GC heap after
Heap after GC invocations=66 (full 4):
 PSYoungGen      total 151552K, used 10016K [0x00000000f5580000, 0x00000000ffd00000, 0x0000000100000000)
  eden space 132608K, 0% used [0x00000000f5580000,0x00000000f5580000,0x00000000fd700000)
  from space 18944K, 52% used [0x00000000fea80000,0x00000000ff448020,0x00000000ffd00000)
  to   space 19456K, 0% used [0x00000000fd700000,0x00000000fd700000,0x00000000fea00000)
 ParOldGen       total 349696K, used 109265K [0x00000000e0000000, 0x00000000f5580000, 0x00000000f5580000)
  object space 349696K, 31% used [0x00000000e0000000,0x00000000e6ab4710,0x00000000f5580000)
 Metaspace       used 53369K, capacity 54754K, committed 58368K, reserved 1099776K
  class space    used 6881K, capacity 7163K, committed 7680K, reserved 1048576K
}
Event: 7607.712 GC heap before
{Heap before GC invocations=67 (full 4):
 PSYoungGen      total 151552K, used 142624K [0x00000000f5580000, 0x00000000ffd00000, 0x0000000100000000)
  eden space 132608K, 100% used [0x00000000f5580000,0x00000000fd700000,0x00000000fd700000)
  from space 18944K, 52% used [0x00000000fea80000,0x00000000ff448020,0x00000000ffd00000)
  to   space 19456K, 0% used [0x00000000fd700000,0x00000000fd700000,0x00000000fea00000)
 ParOldGen       total 349696K, used 109265K [0x00000000e0000000, 0x00000000f5580000, 0x00000000f5580000)
  object space 349696K, 31% used [0x00000000e0000000,0x00000000e6ab4710,0x00000000f5580000)
 Metaspace       used 53373K, capacity 54754K, committed 58368K, reserved 1099776K
  class space    used 6881K, capacity 7163K, committed 7680K, reserved 1048576K
Event: 7607.753 GC heap after
Heap after GC invocations=67 (full 4):
 PSYoungGen      total 152064K, used 5984K [0x00000000f5580000, 0x0000000100000000, 0x0000000100000000)
  eden space 132608K, 0% used [0x00000000f5580000,0x00000000f5580000,0x00000000fd700000)
  from space 19456K, 30% used [0x00000000fd700000,0x00000000fdcd8000,0x00000000fea00000)
  to   space 19456K, 0% used [0x00000000fed00000,0x00000000fed00000,0x0000000100000000)
 ParOldGen       total 349696K, used 117964K [0x00000000e0000000, 0x00000000f5580000, 0x00000000f5580000)
  object space 349696K, 33% used [0x00000000e0000000,0x00000000e7333318,0x00000000f5580000)
 Metaspace       used 53373K, capacity 54754K, committed 58368K, reserved 1099776K
  class space    used 6881K, capacity 7163K, committed 7680K, reserved 1048576K
}
Event: 7609.602 GC heap before
{Heap before GC invocations=68 (full 4):
 PSYoungGen      total 152064K, used 138592K [0x00000000f5580000, 0x0000000100000000, 0x0000000100000000)
  eden space 132608K, 100% used [0x00000000f5580000,0x00000000fd700000,0x00000000fd700000)
  from space 19456K, 30% used [0x00000000fd700000,0x00000000fdcd8000,0x00000000fea00000)
  to   space 19456K, 0% used [0x00000000fed00000,0x00000000fed00000,0x0000000100000000)
 ParOldGen       total 349696K, used 117964K [0x00000000e0000000, 0x00000000f5580000, 0x00000000f5580000)
  object space 349696K, 33% used [0x00000000e0000000,0x00000000e7333318,0x00000000f5580000)
 Metaspace       used 53380K, capacity 54754K, committed 58368K, reserved 1099776K
  class space    used 6881K, capacity 7163K, committed 7680K, reserved 1048576K
Event: 7609.632 GC heap after
Heap after GC invocations=68 (full 4):
 PSYoungGen      total 153088K, used 10112K [0x00000000f5580000, 0x00000000ffe00000, 0x0000000100000000)
  eden space 135680K, 0% used [0x00000000f5580000,0x00000000f5580000,0x00000000fda00000)
  from space 17408K, 58% used [0x00000000fed00000,0x00000000ff6e0000,0x00000000ffe00000)
  to   space 18432K, 0% used [0x00000000fda00000,0x00000000fda00000,0x00000000fec00000)
 ParOldGen       total 349696K, used 123232K [0x00000000e0000000, 0x00000000f5580000, 0x00000000f5580000)
  object space 349696K, 35% used [0x00000000e0000000,0x00000000e7858130,0x00000000f5580000)
 Metaspace       used 53380K, capacity 54754K, committed 58368K, reserved 1099776K
  class space    used 6881K, capacity 7163K, committed 7680K, reserved 1048576K
}
Event: 7893.059 GC heap before
{Heap before GC invocations=69 (full 4):
 PSYoungGen      total 153088K, used 145792K [0x00000000f5580000, 0x00000000ffe00000, 0x0000000100000000)
  eden space 135680K, 100% used [0x00000000f5580000,0x00000000fda00000,0x00000000fda00000)
  from space 17408K, 58% used [0x00000000fed00000,0x00000000ff6e0000,0x00000000ffe00000)
  to   space 18432K, 0% used [0x00000000fda00000,0x00000000fda00000,0x00000000fec00000)
 ParOldGen       total 349696K, used 123232K [0x00000000e0000000, 0x00000000f5580000, 0x00000000f5580000)
  object space 349696K, 35% used [0x00000000e0000000,0x00000000e7858130,0x00000000f5580000)
 Metaspace       used 53404K, capacity 54760K, committed 58368K, reserved 1099776K
  class space    used 6882K, capacity 7164K, committed 7680K, reserved 1048576K
Event: 7893.802 GC heap after
Heap after GC invocations=69 (full 4):
 PSYoungGen      total 154112K, used 10640K [0x00000000f5580000, 0x0000000100000000, 0x0000000100000000)
  eden space 135680K, 0% used [0x00000000f5580000,0x00000000f5580000,0x00000000fda00000)
  from space 18432K, 57% used [0x00000000fda00000,0x00000000fe464010,0x00000000fec00000)
  to   space 18432K, 0% used [0x00000000fee00000,0x00000000fee00000,0x0000000100000000)
 ParOldGen       total 349696K, used 131105K [0x00000000e0000000, 0x00000000f5580000, 0x00000000f5580000)
  object space 349696K, 37% used [0x00000000e0000000,0x00000000e80087f0,0x00000000f5580000)
 Metaspace       used 53404K, capacity 54760K, committed 58368K, reserved 1099776K
  class space    used 6882K, capacity 7164K, committed 7680K, reserved 1048576K
}

