# JRE version: Java(TM) SE Runtime Environment (8.0_241-b07) (build 1.8.0_241-b07)
# Java VM: Java HotSpot(TM) 64-Bit Server VM (25.241-b07 mixed mode windows-amd64 compressed oops)
Heap:
 PSYoungGen      total 156160K, used 112579K [0x00000000f5580000, 0x00000000fff00000, 0x0000000100000000)
  eden space 139264K, 75% used [0x00000000f5580000,0x00000000fbc60ef8,0x00000000fdd80000)
  from space 16896K, 42% used [0x00000000fdd80000,0x00000000fe490000,0x00000000fee00000)
  to   space 16384K, 0% used [0x00000000fef00000,0x00000000fef00000,0x00000000fff00000)
 ParOldGen       total 175104K, used 122198K [0x00000000e0000000, 0x00000000eab00000, 0x00000000f5580000)
  object space 175104K, 69% used [0x00000000e0000000,0x00000000e77558d8,0x00000000eab00000)
 Metaspace       used 45020K, capacity 46288K, committed 46336K, reserved 1089536K
  class space    used 6044K, capacity 6352K, committed 6400K, reserved 1048576K
GC Heap History (10 events):
Event: 10924.670 GC heap before
{Heap before GC invocations=21 (full 2):
 PSYoungGen      total 154112K, used 142176K [0x00000000f5580000, 0x00000000ffe80000, 0x0000000100000000)
  eden space 135168K, 100% used [0x00000000f5580000,0x00000000fd980000,0x00000000fd980000)
  from space 18944K, 36% used [0x00000000fec00000,0x00000000ff2d8000,0x00000000ffe80000)
  to   space 18944K, 0% used [0x00000000fd980000,0x00000000fd980000,0x00000000fec00000)
 ParOldGen       total 175104K, used 87177K [0x00000000e0000000, 0x00000000eab00000, 0x00000000f5580000)
  object space 175104K, 49% used [0x00000000e0000000,0x00000000e5522460,0x00000000eab00000)
 Metaspace       used 44737K, capacity 45916K, committed 46080K, reserved 1089536K
  class space    used 6027K, capacity 6322K, committed 6400K, reserved 1048576K
Event: 10924.690 GC heap after
Heap after GC invocations=21 (full 2):
 PSYoungGen      total 154112K, used 9264K [0x00000000f5580000, 0x00000000ffe00000, 0x0000000100000000)
  eden space 135168K, 0% used [0x00000000f5580000,0x00000000f5580000,0x00000000fd980000)
  from space 18944K, 48% used [0x00000000fd980000,0x00000000fe28c010,0x00000000fec00000)
  to   space 17920K, 0% used [0x00000000fec80000,0x00000000fec80000,0x00000000ffe00000)
 ParOldGen       total 175104K, used 93449K [0x00000000e0000000, 0x00000000eab00000, 0x00000000f5580000)
  object space 175104K, 53% used [0x00000000e0000000,0x00000000e5b425a0,0x00000000eab00000)
 Metaspace       used 44737K, capacity 45916K, committed 46080K, reserved 1089536K
  class space    used 6027K, capacity 6322K, committed 6400K, reserved 1048576K
}
Event: 10924.951 GC heap before
{Heap before GC invocations=22 (full 2):
 PSYoungGen      total 154112K, used 144432K [0x00000000f5580000, 0x00000000ffe00000, 0x0000000100000000)
  eden space 135168K, 100% used [0x00000000f5580000,0x00000000fd980000,0x00000000fd980000)
  from space 18944K, 48% used [0x00000000fd980000,0x00000000fe28c010,0x00000000fec00000)
  to   space 17920K, 0% used [0x00000000fec80000,0x00000000fec80000,0x00000000ffe00000)
 ParOldGen       total 175104K, used 93449K [0x00000000e0000000, 0x00000000eab00000, 0x00000000f5580000)
  object space 175104K, 53% used [0x00000000e0000000,0x00000000e5b425a0,0x00000000eab00000)
 Metaspace       used 44776K, capacity 45980K, committed 46080K, reserved 1089536K
  class space    used 6027K, capacity 6322K, committed 6400K, reserved 1048576K
Event: 10924.957 GC heap after
Heap after GC invocations=22 (full 2):
 PSYoungGen      total 154624K, used 5408K [0x00000000f5580000, 0x00000000fff00000, 0x0000000100000000)
  eden space 136704K, 0% used [0x00000000f5580000,0x00000000f5580000,0x00000000fdb00000)
  from space 17920K, 30% used [0x00000000fec80000,0x00000000ff1c8000,0x00000000ffe00000)
  to   space 17920K, 0% used [0x00000000fdb00000,0x00000000fdb00000,0x00000000fec80000)
 ParOldGen       total 175104K, used 101470K [0x00000000e0000000, 0x00000000eab00000, 0x00000000f5580000)
  object space 175104K, 57% used [0x00000000e0000000,0x00000000e6317aa0,0x00000000eab00000)
 Metaspace       used 44776K, capacity 45980K, committed 46080K, reserved 1089536K
  class space    used 6027K, capacity 6322K, committed 6400K, reserved 1048576K
}
Event: 11130.084 GC heap before
{Heap before GC invocations=23 (full 2):
 PSYoungGen      total 154624K, used 142112K [0x00000000f5580000, 0x00000000fff00000, 0x0000000100000000)
  eden space 136704K, 100% used [0x00000000f5580000,0x00000000fdb00000,0x00000000fdb00000)
  from space 17920K, 30% used [0x00000000fec80000,0x00000000ff1c8000,0x00000000ffe00000)
  to   space 17920K, 0% used [0x00000000fdb00000,0x00000000fdb00000,0x00000000fec80000)
 ParOldGen       total 175104K, used 101470K [0x00000000e0000000, 0x00000000eab00000, 0x00000000f5580000)
  object space 175104K, 57% used [0x00000000e0000000,0x00000000e6317aa0,0x00000000eab00000)
 Metaspace       used 44921K, capacity 46224K, committed 46336K, reserved 1089536K
  class space    used 6044K, capacity 6352K, committed 6400K, reserved 1048576K
Event: 11130.101 GC heap after
Heap after GC invocations=23 (full 2):
 PSYoungGen      total 154624K, used 10816K [0x00000000f5580000, 0x00000000fff00000, 0x0000000100000000)
  eden space 136704K, 0% used [0x00000000f5580000,0x00000000f5580000,0x00000000fdb00000)
  from space 17920K, 60% used [0x00000000fdb00000,0x00000000fe590000,0x00000000fec80000)
  to   space 17408K, 0% used [0x00000000fee00000,0x00000000fee00000,0x00000000fff00000)
 ParOldGen       total 175104K, used 106176K [0x00000000e0000000, 0x00000000eab00000, 0x00000000f5580000)
  object space 175104K, 60% used [0x00000000e0000000,0x00000000e67b0208,0x00000000eab00000)
 Metaspace       used 44921K, capacity 46224K, committed 46336K, reserved 1089536K
  class space    used 6044K, capacity 6352K, committed 6400K, reserved 1048576K
}
Event: 11130.334 GC heap before
{Heap before GC invocations=24 (full 2):
 PSYoungGen      total 154624K, used 147520K [0x00000000f5580000, 0x00000000fff00000, 0x0000000100000000)
  eden space 136704K, 100% used [0x00000000f5580000,0x00000000fdb00000,0x00000000fdb00000)
  from space 17920K, 60% used [0x00000000fdb00000,0x00000000fe590000,0x00000000fec80000)
  to   space 17408K, 0% used [0x00000000fee00000,0x00000000fee00000,0x00000000fff00000)
 ParOldGen       total 175104K, used 106176K [0x00000000e0000000, 0x00000000eab00000, 0x00000000f5580000)
  object space 175104K, 60% used [0x00000000e0000000,0x00000000e67b0208,0x00000000eab00000)
 Metaspace       used 44925K, capacity 46224K, committed 46336K, reserved 1089536K
  class space    used 6044K, capacity 6352K, committed 6400K, reserved 1048576K
Event: 11130.354 GC heap after
Heap after GC invocations=24 (full 2):
 PSYoungGen      total 156160K, used 8800K [0x00000000f5580000, 0x00000000ffe80000, 0x0000000100000000)
  eden space 139264K, 0% used [0x00000000f5580000,0x00000000f5580000,0x00000000fdd80000)
  from space 16896K, 52% used [0x00000000fee00000,0x00000000ff698000,0x00000000ffe80000)
  to   space 16896K, 0% used [0x00000000fdd80000,0x00000000fdd80000,0x00000000fee00000)
 ParOldGen       total 175104K, used 116257K [0x00000000e0000000, 0x00000000eab00000, 0x00000000f5580000)
  object space 175104K, 66% used [0x00000000e0000000,0x00000000e7188550,0x00000000eab00000)
 Metaspace       used 44925K, capacity 46224K, committed 46336K, reserved 1089536K
  class space    used 6044K, capacity 6352K, committed 6400K, reserved 1048576K
}
Event: 11130.557 GC heap before
{Heap before GC invocations=25 (full 2):
 PSYoungGen      total 156160K, used 148064K [0x00000000f5580000, 0x00000000ffe80000, 0x0000000100000000)
  eden space 139264K, 100% used [0x00000000f5580000,0x00000000fdd80000,0x00000000fdd80000)
  from space 16896K, 52% used [0x00000000fee00000,0x00000000ff698000,0x00000000ffe80000)
  to   space 16896K, 0% used [0x00000000fdd80000,0x00000000fdd80000,0x00000000fee00000)
 ParOldGen       total 175104K, used 116257K [0x00000000e0000000, 0x00000000eab00000, 0x00000000f5580000)
  object space 175104K, 66% used [0x00000000e0000000,0x00000000e7188550,0x00000000eab00000)
 Metaspace       used 44936K, capacity 46224K, committed 46336K, reserved 1089536K
  class space    used 6044K, capacity 6352K, committed 6400K, reserved 1048576K
Event: 11130.563 GC heap after
Heap after GC invocations=25 (full 2):
 PSYoungGen      total 156160K, used 7232K [0x00000000f5580000, 0x00000000fff00000, 0x0000000100000000)
  eden space 139264K, 0% used [0x00000000f5580000,0x00000000f5580000,0x00000000fdd80000)
  from space 16896K, 42% used [0x00000000fdd80000,0x00000000fe490000,0x00000000fee00000)
  to   space 16384K, 0% used [0x00000000fef00000,0x00000000fef00000,0x00000000fff00000)
 ParOldGen       total 175104K, used 122198K [0x00000000e0000000, 0x00000000eab00000, 0x00000000f5580000)
  object space 175104K, 69% used [0x00000000e0000000,0x00000000e77558d8,0x00000000eab00000)
 Metaspace       used 44936K, capacity 46224K, committed 46336K, reserved 1089536K
  class space    used 6044K, capacity 6352K, committed 6400K, reserved 1048576K
}

